<?xml version="1.0" encoding="UTF-8"?>
<!-- Generated by org.testng.reporters.JUnitXMLReporter -->
<testsuite ignored="0" hostname="Akhils-MBP" failures="1" tests="1" name="Test" time="3.933" errors="0" timestamp="2024-09-22T00:04:08 EDT">
  <testcase classname="testCases.TC003_loginDDT" name="verify_login" time="0.0">
    <failure type="org.testng.TestNGException" message="
Method public void testCases.TC003_loginDDT.verify_login(java.lang.String,java.lang.String,java.lang.String) requires a @DataProvider named : LoginData in class org.testng.annotations.DataProvider">
      <![CDATA[org.testng.TestNGException: 
at java.base/java.util.ArrayList.forEach(ArrayList.java:1597)
... Removed 25 stack frames]]>
    </failure>
  </testcase> <!-- verify_login -->
</testsuite> <!-- Test -->
